Mono path[0] = 'C:/Users/user/Desktop/RimWorld.v1.3.3209/RimWorldWin64_Data/Managed'
Mono config path = 'C:/Users/user/Desktop/RimWorld.v1.3.3209/MonoBleedingEdge/etc'
Initialize engine version: 2019.4.30f1 (e8c891080a1f)
[Subsystems] Discovering subsystems at path C:/Users/user/Desktop/RimWorld.v1.3.3209/RimWorldWin64_Data/UnitySubsystems
GfxDevice: creating device client; threaded=1
Direct3D:
    Version:  Direct3D 11.0 [level 11.1]
    Renderer: Intel(R) UHD Graphics 600 (ID=0x3185)
    Vendor:   
    VRAM:     1937 MB
    Driver:   23.20.16.4927
Begin MonoManager ReloadAssembly
- Completed reload, in  0.291 seconds
<RI> Initializing input.
<RI> Input initialized.
<RI> Initialized touch support.
UnloadTime: 1.974269 ms
Command line arguments: -savedatafolder=C:\Users\user\AppData\LocalLow\Ludeon Studios\RimWorld by Ludeon Studios
[Steamworks.NET] SteamAPI.Init() failed. Possible causes: Steam client not running, launched from outside Steam without steam_appid.txt in place, running with different privileges than Steam client (e.g. "as administrator") 
(Filename: C:\buildslave\unity\build\Runtime/Export/Debug/Debug.bindings.h Line: 39)

RimWorld 1.3.3242 rev954
Save data folder overridden to C:\Users\user\AppData\LocalLow\Ludeon Studios\RimWorld by Ludeon Studios
Fallback handler could not load library C:/Users/user/Desktop/RimWorld.v1.3.3209/RimWorldWin64_Data/Mono/data-00000273FF0A2040.dll
Fallback handler could not load library C:/Users/user/Desktop/RimWorld.v1.3.3209/RimWorldWin64_Data/Mono/data-00000273FF026890.dll
Fallback handler could not load library C:/Users/user/Desktop/RimWorld.v1.3.3209/RimWorldWin64_Data/Mono/data-00000273FEE9C090.dll
Fallback handler could not load library C:/Users/user/Desktop/RimWorld.v1.3.3209/RimWorldWin64_Data/Mono/data-00000273FF343850.dll
Fallback handler could not load library C:/Users/user/Desktop/RimWorld.v1.3.3209/RimWorldWin64_Data/Mono/data-00000273FF377860.dll
Fallback handler could not load library C:/Users/user/Desktop/RimWorld.v1.3.3209/RimWorldWin64_Data/Mono/data-00000273DD1AF010.dll
Fallback handler could not load library C:/Users/user/Desktop/RimWorld.v1.3.3209/RimWorldWin64_Data/Mono/data-00000273FF398470.dll
Fallback handler could not load library C:/Users/user/Desktop/RimWorld.v1.3.3209/RimWorldWin64_Data/Mono/data-00000273FF3D3C90.dll
Fallback handler could not load library C:/Users/user/Desktop/RimWorld.v1.3.3209/RimWorldWin64_Data/Mono/data-00000273FF3E66A0.dll
Fallback handler could not load library C:/Users/user/Desktop/RimWorld.v1.3.3209/RimWorldWin64_Data/Mono/data-00000273DD1BAA30.dll
Fallback handler could not load library C:/Users/user/Desktop/RimWorld.v1.3.3209/RimWorldWin64_Data/Mono/data-00000273FF3EFEC0.dll
Fallback handler could not load library C:/Users/user/Desktop/RimWorld.v1.3.3209/RimWorldWin64_Data/Mono/data-00000273FEA561D0.dll
Fallback handler could not load library C:/Users/user/Desktop/RimWorld.v1.3.3209/RimWorldWin64_Data/Mono/data-00000273FEFCF040.dll
Fallback handler could not load library C:/Users/user/Desktop/RimWorld.v1.3.3209/RimWorldWin64_Data/Mono/data-00000273FF3F2ED0.dll
Fallback handler could not load library C:/Users/user/Desktop/RimWorld.v1.3.3209/RimWorldWin64_Data/Mono/data-00000273DD1AB740.dll
Fallback handler could not load library C:/Users/user/Desktop/RimWorld.v1.3.3209/RimWorldWin64_Data/Mono/data-00000273FF401B00.dll
Fallback handler could not load library C:/Users/user/Desktop/RimWorld.v1.3.3209/RimWorldWin64_Data/Mono/data-00000273FF403310.dll
Fallback handler could not load library C:/Users/user/Desktop/RimWorld.v1.3.3209/RimWorldWin64_Data/Mono/data-00000273FF408320.dll
Fallback handler could not load library C:/Users/user/Desktop/RimWorld.v1.3.3209/RimWorldWin64_Data/Mono/data-00000273FF02A4C0.dll
Fallback handler could not load library C:/Users/user/Desktop/RimWorld.v1.3.3209/RimWorldWin64_Data/Mono/data-00000273FF411F40.dll
Fallback handler could not load library C:/Users/user/Desktop/RimWorld.v1.3.3209/RimWorldWin64_Data/Mono/data-00000273FF414150.dll
Fallback handler could not load library C:/Users/user/Desktop/RimWorld.v1.3.3209/RimWorldWin64_Data/Mono/data-00000273FF425770.dll
Fallback handler could not load library C:/Users/user/Desktop/RimWorld.v1.3.3209/RimWorldWin64_Data/Mono/data-00000273FF42AB90.dll
Fallback handler could not load library C:/Users/user/Desktop/RimWorld.v1.3.3209/RimWorldWin64_Data/Mono/data-00000273DD1A5710.dll
Fallback handler could not load library C:/Users/user/Desktop/RimWorld.v1.3.3209/RimWorldWin64_Data/Mono/data-00000273FF4EDDC0.dll
Fallback handler could not load library C:/Users/user/Desktop/RimWorld.v1.3.3209/RimWorldWin64_Data/Mono/data-00000273FF5C4010.dll
Fallback handler could not load library C:/Users/user/Desktop/RimWorld.v1.3.3209/RimWorldWin64_Data/Mono/data-000002726207B040.dll
Fallback handler could not load library C:/Users/user/Desktop/RimWorld.v1.3.3209/RimWorldWin64_Data/Mono/data-00000273FF729C30.dll
Fallback handler could not load library C:/Users/user/Desktop/RimWorld.v1.3.3209/RimWorldWin64_Data/Mono/data-00000272622D0080.dll
Fallback handler could not load library C:/Users/user/Desktop/RimWorld.v1.3.3209/RimWorldWin64_Data/Mono/data-00000273FF758650.dll
Fallback handler could not load library C:/Users/user/Desktop/RimWorld.v1.3.3209/RimWorldWin64_Data/Mono/data-00000272622F8490.dll
Fallback handler could not load library C:/Users/user/Desktop/RimWorld.v1.3.3209/RimWorldWin64_Data/Mono/data-00000272623B50B0.dll
Fallback handler could not load library C:/Users/user/Desktop/RimWorld.v1.3.3209/RimWorldWin64_Data/Mono/data-00000272623B98C0.dll
Fallback handler could not load library C:/Users/user/Desktop/RimWorld.v1.3.3209/RimWorldWin64_Data/Mono/data-000002726246C6E0.dll
Fallback handler could not load library C:/Users/user/Desktop/RimWorld.v1.3.3209/RimWorldWin64_Data/Mono/data-000002726253D720.dll
Fallback handler could not load library C:/Users/user/Desktop/RimWorld.v1.3.3209/RimWorldWin64_Data/Mono/data-000002726257FB50.dll
Fallback handler could not load library C:/Users/user/Desktop/RimWorld.v1.3.3209/RimWorldWin64_Data/Mono/data-00000273DD357070.dll
Fallback handler could not load library C:/Users/user/Desktop/RimWorld.v1.3.3209/RimWorldWin64_Data/Mono/data-0000027262584B60.dll
Fallback handler could not load library C:/Users/user/Desktop/RimWorld.v1.3.3209/RimWorldWin64_Data/Mono/data-00000272625A5F70.dll
Fallback handler could not load library C:/Users/user/Desktop/RimWorld.v1.3.3209/RimWorldWin64_Data/Mono/data-00000273FF76B270.dll
Fallback handler could not load library C:/Users/user/Desktop/RimWorld.v1.3.3209/RimWorldWin64_Data/Mono/data-00000272625C7F90.dll
Fallback handler could not load library C:/Users/user/Desktop/RimWorld.v1.3.3209/RimWorldWin64_Data/Mono/data-00000272625CC7B0.dll
Fallback handler could not load library C:/Users/user/Desktop/RimWorld.v1.3.3209/RimWorldWin64_Data/Mono/data-00000273FF659220.dll
Fallback handler could not load library C:/Users/user/Desktop/RimWorld.v1.3.3209/RimWorldWin64_Data/Mono/data-00000272625DBDC0.dll
Fallback handler could not load library C:/Users/user/Desktop/RimWorld.v1.3.3209/RimWorldWin64_Data/Mono/data-00000272625F59F0.dll
Fallback handler could not load library C:/Users/user/Desktop/RimWorld.v1.3.3209/RimWorldWin64_Data/Mono/data-00000272625F7000.dll
Fallback handler could not load library C:/Users/user/Desktop/RimWorld.v1.3.3209/RimWorldWin64_Data/Mono/data-00000272625F8610.dll
Fallback handler could not load library C:/Users/user/Desktop/RimWorld.v1.3.3209/RimWorldWin64_Data/Mono/data-0000027262606A20.dll
Fallback handler could not load library C:/Users/user/Desktop/RimWorld.v1.3.3209/RimWorldWin64_Data/Mono/data-000002726260FC30.dll
Fallback handler could not load library C:/Users/user/Desktop/RimWorld.v1.3.3209/RimWorldWin64_Data/Mono/data-00000272626E6180.dll
Fallback handler could not load library C:/Users/user/Desktop/RimWorld.v1.3.3209/RimWorldWin64_Data/Mono/data-00000272626E8D90.dll
Fallback handler could not load library C:/Users/user/Desktop/RimWorld.v1.3.3209/RimWorldWin64_Data/Mono/data-00000272626FA7A0.dll
Fallback handler could not load library C:/Users/user/Desktop/RimWorld.v1.3.3209/RimWorldWin64_Data/Mono/data-000002726270ABC0.dll
Fallback handler could not load library C:/Users/user/Desktop/RimWorld.v1.3.3209/RimWorldWin64_Data/Mono/data-000002726273A9E0.dll
Fallback handler could not load library C:/Users/user/Desktop/RimWorld.v1.3.3209/RimWorldWin64_Data/Mono/data-00000272627459F0.dll
Fallback handler could not load library C:/Users/user/Desktop/RimWorld.v1.3.3209/RimWorldWin64_Data/Mono/data-0000027262766010.dll
Fallback handler could not load library C:/Users/user/Desktop/RimWorld.v1.3.3209/RimWorldWin64_Data/Mono/data-0000027262778C30.dll
Fallback handler could not load library C:/Users/user/Desktop/RimWorld.v1.3.3209/RimWorldWin64_Data/Mono/data-000002726277C840.dll
Fallback handler could not load library C:/Users/user/Desktop/RimWorld.v1.3.3209/RimWorldWin64_Data/Mono/data-0000027262781A50.dll
Fallback handler could not load library C:/Users/user/Desktop/RimWorld.v1.3.3209/RimWorldWin64_Data/Mono/data-0000027262782C60.dll
Fallback handler could not load library C:/Users/user/Desktop/RimWorld.v1.3.3209/RimWorldWin64_Data/Mono/data-00000272627F3020.dll
Fallback handler could not load library C:/Users/user/Desktop/RimWorld.v1.3.3209/RimWorldWin64_Data/Mono/data-0000027262817A40.dll
Fallback handler could not load library C:/Users/user/Desktop/RimWorld.v1.3.3209/RimWorldWin64_Data/Mono/data-0000027262858E60.dll
Fallback handler could not load library C:/Users/user/Desktop/RimWorld.v1.3.3209/RimWorldWin64_Data/Mono/data-000002726295EAA0.dll
Fallback handler could not load library C:/Users/user/Desktop/RimWorld.v1.3.3209/RimWorldWin64_Data/Mono/data-00000272629686C0.dll
Fallback handler could not load library C:/Users/user/Desktop/RimWorld.v1.3.3209/RimWorldWin64_Data/Mono/data-00000272627D9E90.dll
Fallback handler could not load library C:/Users/user/Desktop/RimWorld.v1.3.3209/RimWorldWin64_Data/Mono/data-0000027262A428F0.dll
Fallback handler could not load library C:/Users/user/Desktop/RimWorld.v1.3.3209/RimWorldWin64_Data/Mono/data-0000027262A4A900.dll
Fallback handler could not load library C:/Users/user/Desktop/RimWorld.v1.3.3209/RimWorldWin64_Data/Mono/data-0000027262B10D20.dll
Fallback handler could not load library C:/Users/user/Desktop/RimWorld.v1.3.3209/RimWorldWin64_Data/Mono/data-0000027262B23D40.dll
Fallback handler could not load library C:/Users/user/Desktop/RimWorld.v1.3.3209/RimWorldWin64_Data/Mono/data-0000027262C8B030.dll
Fallback handler could not load library C:/Users/user/Desktop/RimWorld.v1.3.3209/RimWorldWin64_Data/Mono/data-00000273DD3770F0.dll
Fallback handler could not load library C:/Users/user/Desktop/RimWorld.v1.3.3209/RimWorldWin64_Data/Mono/data-0000027262DB2C70.dll
Fallback handler could not load library C:/Users/user/Desktop/RimWorld.v1.3.3209/RimWorldWin64_Data/Mono/data-0000027262DC1CB0.dll
Fallback handler could not load library C:/Users/user/Desktop/RimWorld.v1.3.3209/RimWorldWin64_Data/Mono/data-0000027262DC36C0.dll
Fallback handler could not load library C:/Users/user/Desktop/RimWorld.v1.3.3209/RimWorldWin64_Data/Mono/data-0000027262DCAED0.dll
Fallback handler could not load library C:/Users/user/Desktop/RimWorld.v1.3.3209/RimWorldWin64_Data/Mono/data-00000273FEEDE060.dll
Fallback handler could not load library C:/Users/user/Desktop/RimWorld.v1.3.3209/RimWorldWin64_Data/Mono/data-0000027262DF20F0.dll
Fallback handler could not load library C:/Users/user/Desktop/RimWorld.v1.3.3209/RimWorldWin64_Data/Mono/data-0000027262DF5D00.dll
Fallback handler could not load library C:/Users/user/Desktop/RimWorld.v1.3.3209/RimWorldWin64_Data/Mono/data-0000027262E02F20.dll
Fallback handler could not load library C:/Users/user/Desktop/RimWorld.v1.3.3209/RimWorldWin64_Data/Mono/data-00000273DD35B080.dll
Fallback handler could not load library C:/Users/user/Desktop/RimWorld.v1.3.3209/RimWorldWin64_Data/Mono/data-0000027262E0AD30.dll
Fallback handler could not load library C:/Users/user/Desktop/RimWorld.v1.3.3209/RimWorldWin64_Data/Mono/data-0000027262E24350.dll
Fallback handler could not load library C:/Users/user/Desktop/RimWorld.v1.3.3209/RimWorldWin64_Data/Mono/data-0000027262E27760.dll
Fallback handler could not load library C:/Users/user/Desktop/RimWorld.v1.3.3209/RimWorldWin64_Data/Mono/data-0000027262E32D70.dll
Fallback handler could not load library C:/Users/user/Desktop/RimWorld.v1.3.3209/RimWorldWin64_Data/Mono/data-0000027262E59F80.dll
Fallback handler could not load library C:/Users/user/Desktop/RimWorld.v1.3.3209/RimWorldWin64_Data/Mono/data-0000027262F17FA0.dll
Fallback handler could not load library C:/Users/user/Desktop/RimWorld.v1.3.3209/RimWorldWin64_Data/Mono/data-0000027262F469C0.dll
Fallback handler could not load library C:/Users/user/Desktop/RimWorld.v1.3.3209/RimWorldWin64_Data/Mono/data-0000027262F4A7D0.dll
Fallback handler could not load library C:/Users/user/Desktop/RimWorld.v1.3.3209/RimWorldWin64_Data/Mono/data-0000027262F5E9E0.dll
Fallback handler could not load library C:/Users/user/Desktop/RimWorld.v1.3.3209/RimWorldWin64_Data/Mono/data-0000027262F621F0.dll
Fallback handler could not load library C:/Users/user/Desktop/RimWorld.v1.3.3209/RimWorldWin64_Data/Mono/data-0000027263052C30.dll
Fallback handler could not load library C:/Users/user/Desktop/RimWorld.v1.3.3209/RimWorldWin64_Data/Mono/data-0000027263058240.dll
Fallback handler could not load library C:/Users/user/Desktop/RimWorld.v1.3.3209/RimWorldWin64_Data/Mono/data-000002726305AC50.dll
Fallback handler could not load library C:/Users/user/Desktop/RimWorld.v1.3.3209/RimWorldWin64_Data/Mono/data-0000027263078C70.dll
Fallback handler could not load library C:/Users/user/Desktop/RimWorld.v1.3.3209/RimWorldWin64_Data/Mono/data-0000027263081C80.dll
Fallback handler could not load library C:/Users/user/Desktop/RimWorld.v1.3.3209/RimWorldWin64_Data/Mono/data-0000027262BABEF0.dll
Fallback handler could not load library C:/Users/user/Desktop/RimWorld.v1.3.3209/RimWorldWin64_Data/Mono/data-000002726314D0B0.dll
Fallback handler could not load library C:/Users/user/Desktop/RimWorld.v1.3.3209/RimWorldWin64_Data/Mono/data-0000027263157AD0.dll
Fallback handler could not load library C:/Users/user/Desktop/RimWorld.v1.3.3209/RimWorldWin64_Data/Mono/data-00000272631652F0.dll
Fallback handler could not load library C:/Users/user/Desktop/RimWorld.v1.3.3209/RimWorldWin64_Data/Mono/data-0000027263167900.dll
Fallback handler could not load library C:/Users/user/Desktop/RimWorld.v1.3.3209/RimWorldWin64_Data/Mono/data-0000027263169510.dll
Fallback handler could not load library C:/Users/user/Desktop/RimWorld.v1.3.3209/RimWorldWin64_Data/Mono/data-00000272631D6010.dll
Fallback handler could not load library C:/Users/user/Desktop/RimWorld.v1.3.3209/RimWorldWin64_Data/Mono/data-00000272631E3820.dll
Fallback handler could not load library C:/Users/user/Desktop/RimWorld.v1.3.3209/RimWorldWin64_Data/Mono/data-00000272631E5030.dll
Fallback handler could not load library C:/Users/user/Desktop/RimWorld.v1.3.3209/RimWorldWin64_Data/Mono/data-00000272631EFA50.dll
Fallback handler could not load library C:/Users/user/Desktop/RimWorld.v1.3.3209/RimWorldWin64_Data/Mono/data-0000027263217880.dll
Fallback handler could not load library C:/Users/user/Desktop/RimWorld.v1.3.3209/RimWorldWin64_Data/Mono/data-0000027263219290.dll
Fallback handler could not load library C:/Users/user/Desktop/RimWorld.v1.3.3209/RimWorldWin64_Data/Mono/data-00000272632372B0.dll
Fallback handler could not load library C:/Users/user/Desktop/RimWorld.v1.3.3209/RimWorldWin64_Data/Mono/data-00000273FF02B8D0.dll
Fallback handler could not load library C:/Users/user/Desktop/RimWorld.v1.3.3209/RimWorldWin64_Data/Mono/data-000002726323FAC0.dll
Fallback handler could not load library C:/Users/user/Desktop/RimWorld.v1.3.3209/RimWorldWin64_Data/Mono/data-0000027263241ED0.dll
Fallback handler could not load library C:/Users/user/Desktop/RimWorld.v1.3.3209/RimWorldWin64_Data/Mono/data-000002726324B4E0.dll
Fallback handler could not load library C:/Users/user/Desktop/RimWorld.v1.3.3209/RimWorldWin64_Data/Mono/data-00000272632544F0.dll
Fallback handler could not load library C:/Users/user/Desktop/RimWorld.v1.3.3209/RimWorldWin64_Data/Mono/data-00000272631A0BD0.dll
Fallback handler could not load library C:/Users/user/Desktop/RimWorld.v1.3.3209/RimWorldWin64_Data/Mono/data-000002726325D500.dll
Fallback handler could not load library C:/Users/user/Desktop/RimWorld.v1.3.3209/RimWorldWin64_Data/Mono/data-0000027263262510.dll
Fallback handler could not load library C:/Users/user/Desktop/RimWorld.v1.3.3209/RimWorldWin64_Data/Mono/data-0000027263269520.dll
Fallback handler could not load library C:/Users/user/Desktop/RimWorld.v1.3.3209/RimWorldWin64_Data/Mono/data-000002726326F530.dll
Fallback handler could not load library C:/Users/user/Desktop/RimWorld.v1.3.3209/RimWorldWin64_Data/Mono/data-000002726327AD40.dll
Fallback handler could not load library C:/Users/user/Desktop/RimWorld.v1.3.3209/RimWorldWin64_Data/Mono/data-000002726327F750.dll
Fallback handler could not load library C:/Users/user/Desktop/RimWorld.v1.3.3209/RimWorldWin64_Data/Mono/data-0000027263283F60.dll
Fallback handler could not load library C:/Users/user/Desktop/RimWorld.v1.3.3209/RimWorldWin64_Data/Mono/data-0000027263350E90.dll
Fallback handler could not load library C:/Users/user/Desktop/RimWorld.v1.3.3209/RimWorldWin64_Data/Mono/data-0000027263374EA0.dll
Fallback handler could not load library C:/Users/user/Desktop/RimWorld.v1.3.3209/RimWorldWin64_Data/Mono/data-0000027263393EC0.dll
Fallback handler could not load library C:/Users/user/Desktop/RimWorld.v1.3.3209/RimWorldWin64_Data/Mono/data-000002726328F780.dll
Fallback handler could not load library C:/Users/user/Desktop/RimWorld.v1.3.3209/RimWorldWin64_Data/Mono/data-0000027263291990.dll
Fallback handler could not load library C:/Users/user/Desktop/RimWorld.v1.3.3209/RimWorldWin64_Data/Mono/data-00000272633A3EE0.dll
Fallback handler could not load library C:/Users/user/Desktop/RimWorld.v1.3.3209/RimWorldWin64_Data/Mono/data-00000272632989A0.dll
Fallback handler could not load library C:/Users/user/Desktop/RimWorld.v1.3.3209/RimWorldWin64_Data/Mono/data-00000272633AEEF0.dll
Fallback handler could not load library C:/Users/user/Desktop/RimWorld.v1.3.3209/RimWorldWin64_Data/Mono/data-00000272633B4F00.dll
Fallback handler could not load library C:/Users/user/Desktop/RimWorld.v1.3.3209/RimWorldWin64_Data/Mono/data-00000272633B8110.dll
Fallback handler could not load library C:/Users/user/Desktop/RimWorld.v1.3.3209/RimWorldWin64_Data/Mono/data-00000272633FB220.dll
Fallback handler could not load library C:/Users/user/Desktop/RimWorld.v1.3.3209/RimWorldWin64_Data/Mono/data-00000273DCE8E0A0.dll
Fallback handler could not load library C:/Users/user/Desktop/RimWorld.v1.3.3209/RimWorldWin64_Data/Mono/data-00000272637503E0.dll
Fallback handler could not load library C:/Users/user/Desktop/RimWorld.v1.3.3209/RimWorldWin64_Data/Mono/data-0000027263757A00.dll
Fallback handler could not load library C:/Users/user/Desktop/RimWorld.v1.3.3209/RimWorldWin64_Data/Mono/data-0000027263828630.dll
Fallback handler could not load library C:/Users/user/Desktop/RimWorld.v1.3.3209/RimWorldWin64_Data/Mono/data-000002726383A440.dll
Fallback handler could not load library C:/Users/user/Desktop/RimWorld.v1.3.3209/RimWorldWin64_Data/Mono/data-0000027263867070.dll
Fallback handler could not load library C:/Users/user/Desktop/RimWorld.v1.3.3209/RimWorldWin64_Data/Mono/data-0000027263868880.dll
Fallback handler could not load library C:/Users/user/Desktop/RimWorld.v1.3.3209/RimWorldWin64_Data/Mono/data-000002726386A090.dll
Fallback handler could not load library C:/Users/user/Desktop/RimWorld.v1.3.3209/RimWorldWin64_Data/Mono/data-000002726387B8B0.dll
Fallback handler could not load library C:/Users/user/Desktop/RimWorld.v1.3.3209/RimWorldWin64_Data/Mono/data-000002726387F6C0.dll
Fallback handler could not load library C:/Users/user/Desktop/RimWorld.v1.3.3209/RimWorldWin64_Data/Mono/data-00000272638A42E0.dll
Fallback handler could not load library C:/Users/user/Desktop/RimWorld.v1.3.3209/RimWorldWin64_Data/Mono/data-00000273FEEE80A0.dll
Fallback handler could not load library C:/Users/user/Desktop/RimWorld.v1.3.3209/RimWorldWin64_Data/Mono/data-00000272636091F0.dll
Fallback handler could not load library C:/Users/user/Desktop/RimWorld.v1.3.3209/RimWorldWin64_Data/Mono/data-00000272638C8010.dll
Fallback handler could not load library C:/Users/user/Desktop/RimWorld.v1.3.3209/RimWorldWin64_Data/Mono/data-0000027263986A30.dll
Fallback handler could not load library C:/Users/user/Desktop/RimWorld.v1.3.3209/RimWorldWin64_Data/Mono/data-0000027263992240.dll
Fallback handler could not load library C:/Users/user/Desktop/RimWorld.v1.3.3209/RimWorldWin64_Data/Mono/data-00000273FEEE3080.dll
Fallback handler could not load library C:/Users/user/Desktop/RimWorld.v1.3.3209/RimWorldWin64_Data/Mono/data-000002726399A050.dll
Fallback handler could not load library C:/Users/user/Desktop/RimWorld.v1.3.3209/RimWorldWin64_Data/Mono/data-000002726399C460.dll
Fallback handler could not load library C:/Users/user/Desktop/RimWorld.v1.3.3209/RimWorldWin64_Data/Mono/data-000002726399E270.dll
Fallback handler could not load library C:/Users/user/Desktop/RimWorld.v1.3.3209/RimWorldWin64_Data/Mono/data-00000273DD37B100.dll
Fallback handler could not load library C:/Users/user/Desktop/RimWorld.v1.3.3209/RimWorldWin64_Data/Mono/data-00000272639A1890.dll
Fallback handler could not load library C:/Users/user/Desktop/RimWorld.v1.3.3209/RimWorldWin64_Data/Mono/data-00000272639B92C0.dll
Fallback handler could not load library C:/Users/user/Desktop/RimWorld.v1.3.3209/RimWorldWin64_Data/Mono/data-00000272639BC8D0.dll
Fallback handler could not load library C:/Users/user/Desktop/RimWorld.v1.3.3209/RimWorldWin64_Data/Mono/data-00000272639D2AE0.dll
Fallback handler could not load library C:/Users/user/Desktop/RimWorld.v1.3.3209/RimWorldWin64_Data/Mono/data-0000027263AA7D00.dll
Fallback handler could not load library C:/Users/user/Desktop/RimWorld.v1.3.3209/RimWorldWin64_Data/Mono/data-0000027263AACD10.dll
Fallback handler could not load library C:/Users/user/Desktop/RimWorld.v1.3.3209/RimWorldWin64_Data/Mono/data-0000027263ACE330.dll
Fallback handler could not load library C:/Users/user/Desktop/RimWorld.v1.3.3209/RimWorldWin64_Data/Mono/data-0000027263B8ED40.dll
Fallback handler could not load library C:/Users/user/Desktop/RimWorld.v1.3.3209/RimWorldWin64_Data/Mono/data-0000027263BABF60.dll
Fallback handler could not load library C:/Users/user/Desktop/RimWorld.v1.3.3209/RimWorldWin64_Data/Mono/data-0000027263C3E010.dll
Fallback handler could not load library C:/Users/user/Desktop/RimWorld.v1.3.3209/RimWorldWin64_Data/Mono/data-00000273DCEE0380.dll
Fallback handler could not load library C:/Users/user/Desktop/RimWorld.v1.3.3209/RimWorldWin64_Data/Mono/data-00000272640E00A0.dll
[2/5/2022 10:57:56 PM] [BetterLoading] Verifying all mods loaded properly...
[BetterLoading] Injecting into main UI.
[BetterLoading] Injected into main UI.
[HugsLib] version 9.0.1
Fallback handler could not load library C:/Users/user/Desktop/RimWorld.v1.3.3209/RimWorldWin64_Data/Mono/data-00000273DD65B950.dll
[HugsLib] early-initializing AllowTool
[1.3]Graphics Setter - Loaded
DubsMintMenus v1.3.995
[VanillaAchievementsExpanded] version 1.3.7862
[Vanilla Furniture Expanded - Architect] Activating Replace Stuff compatibility patch
dubwise.dubsbadhygiene 3.0.2138
Rimatomics 1.7.2473
RimSaves NX
[RuntimeGC] Mod settings loaded.
Fallback handler could not load library C:/Users/user/Desktop/RimWorld.v1.3.3209/RimWorldWin64_Data/Mono/data-0000027265EA3030.dll
Fallback handler could not load library C:/Users/user/Desktop/RimWorld.v1.3.3209/RimWorldWin64_Data/Mono/data-0000027265EBBA70.dll
ROCKETMAN: config path C:\Users\user\AppData\LocalLow\Ludeon Studios\RimWorld by Ludeon Studios\Config\rocketeer.0102.txt
ROCKETMAN: dev environment detected! 
(Filename: C:\buildslave\unity\build\Runtime/Export/Debug/Debug.bindings.h Line: 39)

ROCKETMAN: Dev enviroment detected! Loading experimental plugins!
Fallback handler could not load library C:/Users/user/Desktop/RimWorld.v1.3.3209/RimWorldWin64_Data/Mono/data-0000027265EC6A80.dll
Fallback handler could not load library C:/Users/user/Desktop/RimWorld.v1.3.3209/RimWorldWin64_Data/Mono/data-0000027265ED3490.dll
Fallback handler could not load library C:/Users/user/Desktop/RimWorld.v1.3.3209/RimWorldWin64_Data/Mono/data-0000027265EDACA0.dll
<color=orange>ROCKETMAN</color>: Loaded <color=red>Gagarin, Version=1.0.0.0, Culture=neutral, PublicKeyToken=null</color>
<color=orange>ROCKETMAN</color>: Loaded <color=red>Proton, Version=1.0.0.0, Culture=neutral, PublicKeyToken=null</color>
<color=orange>ROCKETMAN</color>: Loaded <color=red>Soyuz, Version=1.0.0.0, Culture=neutral, PublicKeyToken=null</color>
<color=orange>ROCKETMAN:</color> Version 0.6.3.2196
GAGARIN: <color=green>StartUpStarted called!</color>
GAGARIN: <color=green>Cache not found or got purged!</color> 
(Filename: C:\buildslave\unity\build\Runtime/Export/Debug/Debug.bindings.h Line: 39)

GAGARIN: <color=green>Loading cache settings!</color>
GAGARIN: <color=red>Gagarin is disabled!</color>
SOYUZ: Created _transformationCache
[BetterLoading] Finished stage Initializing Mods at 10:59:17 PM.
[BetterLoading] HugsLib detected, adding HugsLib support.
[BetterLoading:HugsLib Compat] Resolved required HugsLib types as follows: Controller: HugsLib.HugsLibController / Mod Identifier (Property): ModIdentifier
[BetterLoading:HugsLib Compat] Successfully blind-patched HugsLib.
[BetterLoading] Starting stage Reading Mod Content Files.
Rim73 1.4a Initialized
[BetterLoading] Finished stage Reading Mod Content Files at 11:02:18 PM.
[BetterLoading] Starting stage Injecting Mod XML.
[BetterLoading] [Enhanced XML Load] Loaded 2551 loadable assets.
[BetterLoading] Finished stage Injecting Mod XML at 11:02:21 PM.
[BetterLoading] Starting stage Applying Patches.
[BetterLoading] Finished stage Applying Patches at 11:02:21 PM.
[BetterLoading] Starting stage Registering Defs.
[BetterLoading] Finished stage Registering Defs at 11:02:39 PM.
[BetterLoading] Starting stage Constructing Defs.
Parsed 4.5 as int. 
(Filename: C:\buildslave\unity\build\Runtime/Export/Debug/Debug.bindings.h Line: 39)

Parsed 4.26 as int. 
(Filename: C:\buildslave\unity\build\Runtime/Export/Debug/Debug.bindings.h Line: 39)

Parsed 4.26 as int. 
(Filename: C:\buildslave\unity\build\Runtime/Export/Debug/Debug.bindings.h Line: 39)

Parsed 4.26 as int. 
(Filename: C:\buildslave\unity\build\Runtime/Export/Debug/Debug.bindings.h Line: 39)

Parsed 4.26 as int. 
(Filename: C:\buildslave\unity\build\Runtime/Export/Debug/Debug.bindings.h Line: 39)

Parsed 4.26 as int. 
(Filename: C:\buildslave\unity\build\Runtime/Export/Debug/Debug.bindings.h Line: 39)

Parsed 1.42 as int. 
(Filename: C:\buildslave\unity\build\Runtime/Export/Debug/Debug.bindings.h Line: 39)

Parsed 1.42 as int. 
(Filename: C:\buildslave\unity\build\Runtime/Export/Debug/Debug.bindings.h Line: 39)

Parsed 1.42 as int. 
(Filename: C:\buildslave\unity\build\Runtime/Export/Debug/Debug.bindings.h Line: 39)

Parsed 1.42 as int. 
(Filename: C:\buildslave\unity\build\Runtime/Export/Debug/Debug.bindings.h Line: 39)

Parsed 1.42 as int. 
(Filename: C:\buildslave\unity\build\Runtime/Export/Debug/Debug.bindings.h Line: 39)

Parsed 1.42 as int. 
(Filename: C:\buildslave\unity\build\Runtime/Export/Debug/Debug.bindings.h Line: 39)

Parsed 1.42 as int. 
(Filename: C:\buildslave\unity\build\Runtime/Export/Debug/Debug.bindings.h Line: 39)

Parsed 1.42 as int. 
(Filename: C:\buildslave\unity\build\Runtime/Export/Debug/Debug.bindings.h Line: 39)

Parsed 1.42 as int. 
(Filename: C:\buildslave\unity\build\Runtime/Export/Debug/Debug.bindings.h Line: 39)

Parsed 1.42 as int. 
(Filename: C:\buildslave\unity\build\Runtime/Export/Debug/Debug.bindings.h Line: 39)

Parsed 1.42 as int. 
(Filename: C:\buildslave\unity\build\Runtime/Export/Debug/Debug.bindings.h Line: 39)

Parsed 3.2 as int. 
(Filename: C:\buildslave\unity\build\Runtime/Export/Debug/Debug.bindings.h Line: 39)

Parsed 3.2 as int. 
(Filename: C:\buildslave\unity\build\Runtime/Export/Debug/Debug.bindings.h Line: 39)

Parsed 3.2 as int. 
(Filename: C:\buildslave\unity\build\Runtime/Export/Debug/Debug.bindings.h Line: 39)

Parsed 3.2 as int. 
(Filename: C:\buildslave\unity\build\Runtime/Export/Debug/Debug.bindings.h Line: 39)

Parsed 4.26 as int. 
(Filename: C:\buildslave\unity\build\Runtime/Export/Debug/Debug.bindings.h Line: 39)

Parsed 6.5 as int. 
(Filename: C:\buildslave\unity\build\Runtime/Export/Debug/Debug.bindings.h Line: 39)

Parsed 7.5 as int. 
(Filename: C:\buildslave\unity\build\Runtime/Export/Debug/Debug.bindings.h Line: 39)

Parsed 1.42 as int. 
(Filename: C:\buildslave\unity\build\Runtime/Export/Debug/Debug.bindings.h Line: 39)

Parsed 3.5 as int. 
(Filename: C:\buildslave\unity\build\Runtime/Export/Debug/Debug.bindings.h Line: 39)

Parsed 3.5 as int. 
(Filename: C:\buildslave\unity\build\Runtime/Export/Debug/Debug.bindings.h Line: 39)

Parsed 3.5 as int. 
(Filename: C:\buildslave\unity\build\Runtime/Export/Debug/Debug.bindings.h Line: 39)

Parsed 3.5 as int. 
(Filename: C:\buildslave\unity\build\Runtime/Export/Debug/Debug.bindings.h Line: 39)

Parsed 4.26 as int. 
(Filename: C:\buildslave\unity\build\Runtime/Export/Debug/Debug.bindings.h Line: 39)

Parsed 3.2 as int. 
(Filename: C:\buildslave\unity\build\Runtime/Export/Debug/Debug.bindings.h Line: 39)

Parsed 3.2 as int. 
(Filename: C:\buildslave\unity\build\Runtime/Export/Debug/Debug.bindings.h Line: 39)

Parsed 3.2 as int. 
(Filename: C:\buildslave\unity\build\Runtime/Export/Debug/Debug.bindings.h Line: 39)

Parsed 3.2 as int. 
(Filename: C:\buildslave\unity\build\Runtime/Export/Debug/Debug.bindings.h Line: 39)

Parsed 4.5 as int. 
(Filename: C:\buildslave\unity\build\Runtime/Export/Debug/Debug.bindings.h Line: 39)

Parsed 3.5 as int. 
(Filename: C:\buildslave\unity\build\Runtime/Export/Debug/Debug.bindings.h Line: 39)

Parsed 3.5 as int. 
(Filename: C:\buildslave\unity\build\Runtime/Export/Debug/Debug.bindings.h Line: 39)

Parsed 3.5 as int. 
(Filename: C:\buildslave\unity\build\Runtime/Export/Debug/Debug.bindings.h Line: 39)

Parsed 3.5 as int. 
(Filename: C:\buildslave\unity\build\Runtime/Export/Debug/Debug.bindings.h Line: 39)

Parsed 1.42 as int. 
(Filename: C:\buildslave\unity\build\Runtime/Export/Debug/Debug.bindings.h Line: 39)

Parsed 1.42 as int. 
(Filename: C:\buildslave\unity\build\Runtime/Export/Debug/Debug.bindings.h Line: 39)

Parsed 1.42 as int. 
(Filename: C:\buildslave\unity\build\Runtime/Export/Debug/Debug.bindings.h Line: 39)

Parsed 1.42 as int. 
(Filename: C:\buildslave\unity\build\Runtime/Export/Debug/Debug.bindings.h Line: 39)

Parsed 2.51 as int. 
(Filename: C:\buildslave\unity\build\Runtime/Export/Debug/Debug.bindings.h Line: 39)

Parsed 4.26 as int. 
(Filename: C:\buildslave\unity\build\Runtime/Export/Debug/Debug.bindings.h Line: 39)

Parsed 4.26 as int. 
(Filename: C:\buildslave\unity\build\Runtime/Export/Debug/Debug.bindings.h Line: 39)

Parsed 4.26 as int. 
(Filename: C:\buildslave\unity\build\Runtime/Export/Debug/Debug.bindings.h Line: 39)

Parsed 4.26 as int. 
(Filename: C:\buildslave\unity\build\Runtime/Export/Debug/Debug.bindings.h Line: 39)

Parsed 4.26 as int. 
(Filename: C:\buildslave\unity\build\Runtime/Export/Debug/Debug.bindings.h Line: 39)

Parsed 4.26 as int. 
(Filename: C:\buildslave\unity\build\Runtime/Export/Debug/Debug.bindings.h Line: 39)

Parsed 3.2 as int. 
(Filename: C:\buildslave\unity\build\Runtime/Export/Debug/Debug.bindings.h Line: 39)

Parsed 3.2 as int. 
(Filename: C:\buildslave\unity\build\Runtime/Export/Debug/Debug.bindings.h Line: 39)

Parsed 4.5 as int. 
(Filename: C:\buildslave\unity\build\Runtime/Export/Debug/Debug.bindings.h Line: 39)

Parsed 4.26 as int. 
(Filename: C:\buildslave\unity\build\Runtime/Export/Debug/Debug.bindings.h Line: 39)

Parsed 4.5 as int. 
(Filename: C:\buildslave\unity\build\Runtime/Export/Debug/Debug.bindings.h Line: 39)

Parsed 4.5 as int. 
(Filename: C:\buildslave\unity\build\Runtime/Export/Debug/Debug.bindings.h Line: 39)

Parsed 4.5 as int. 
(Filename: C:\buildslave\unity\build\Runtime/Export/Debug/Debug.bindings.h Line: 39)

Parsed 4.5 as int. 
(Filename: C:\buildslave\unity\build\Runtime/Export/Debug/Debug.bindings.h Line: 39)

Parsed 3.5 as int. 
(Filename: C:\buildslave\unity\build\Runtime/Export/Debug/Debug.bindings.h Line: 39)

Parsed 3.5 as int. 
(Filename: C:\buildslave\unity\build\Runtime/Export/Debug/Debug.bindings.h Line: 39)

Parsed 3.5 as int. 
(Filename: C:\buildslave\unity\build\Runtime/Export/Debug/Debug.bindings.h Line: 39)

Parsed 3.5 as int. 
(Filename: C:\buildslave\unity\build\Runtime/Export/Debug/Debug.bindings.h Line: 39)

Parsed 3.5 as int. 
(Filename: C:\buildslave\unity\build\Runtime/Export/Debug/Debug.bindings.h Line: 39)

Parsed 4.5 as int. 
(Filename: C:\buildslave\unity\build\Runtime/Export/Debug/Debug.bindings.h Line: 39)

Parsed 8.5 as int. 
(Filename: C:\buildslave\unity\build\Runtime/Export/Debug/Debug.bindings.h Line: 39)

Parsed 14.4 as int. 
(Filename: C:\buildslave\unity\build\Runtime/Export/Debug/Debug.bindings.h Line: 39)

Parsed 2.5 as int. 
(Filename: C:\buildslave\unity\build\Runtime/Export/Debug/Debug.bindings.h Line: 39)

[BetterLoading] Finished stage Constructing Defs at 11:03:55 PM.
[BetterLoading] Starting stage Reloading Def Databases.
[MadSkills]: changed behavior of Great Memory trait.
[BetterLoading] Finished stage Reloading Def Databases at 11:05:33 PM.
[BetterLoading] Tips should now be available. Showing...
[BetterLoading] Starting stage Running Post Content Load Callbacks.
[BetterLoading] Processing 18289 post-load tasks.
[MVCF] Applying Dual Wield compatibility patch
Translation data for language English has 72 errors. Generate translation report for more info. 
(Filename: C:\buildslave\unity\build\Runtime/Export/Debug/Debug.bindings.h Line: 39)

CharacterEditor v1.3.842 initializing...
updating labels for english...
loading/updating slots...
loading/updating customs...
instance created
allowing apparel to be colorable...
checking editor settings...
CharacterEditor v1.3.842 ...done
[ModMetaDataCleaner] Removed 2 Metadata and cleaned 124 PreviewImage.
Removed: UI Not Included: Customizable UI Overhaul, Hats Display Selection
Cleaned: Better Workbench Management, JecsTools, QualitySurgeon, Humanoid Alien Races, Dubs Bad Hygiene, Glass+Lights, HugsLib, Allow Tool, Map Reroll, EdB Prepare Carefully, Mad Skills, Tilled Soil, Work Tab, Misc. Training, Eccentric Extras - Signature Weapons, Heyra the Horned, Dragonian Prime Race2.0, Performance Optimizer, Vanilla Ideology Expanded - Memes and Structures, Cherry Picker (dev), Categorized Bill Dropdown, Smart Farming, Vanilla Furniture Expanded - Architect, Toggleable Overlays, Fish Traps, Eccentric Tech - Advanced Shields, Eccentric Extras - Signature Gear, Eccentric Tech - Angel Apparel, Edo Themed Expansion, XML Extensions, Rim73 - Performance and Optimisations, Stonecutting Extended, Simple Utilities: Ceiling, Vanilla Expanded - Ideology Patches, Need Bar Overflow, Simple Utilities: Wall, RuntimeGC [1.3], Realistic Rooms Rewritten, Rabbie The Moonrabbit - English Patch (1.3), Eccentric Tech - Foxy's Armory 2.0, Eccentric Tech - Core, Dual Wield, RocketMan - Performance Mod, RPG Style Inventory Revamped, No Lazy Doctors, Vanilla Fishing Expanded - Fishing Treasures AddOn, Pawnkind Race Diversification, 虫娘 Insect Girls, Vanilla Social Interactions Expanded, Quality Colors, Compressed Raid, Vanilla Weapons Expanded - Coilguns, Stackable Chunks [1.3+], Kurin HAR Edition, Vanilla Traits Expanded, [BLD] Quantum Cooling Redux, Real Faction Guest, Vanilla Expanded - Royalty Patches, Kure's Rimworld of Magic Class Expansion Pack, Smarter Construction, Moyo-From the depth, Vanilla Factions Expanded - Insectoids, Map Designer, Vanilla Furniture Expanded - Power, MoHAR framework, Vanilla Factions Expanded - Settlers, Single Plant Texture Patch (Continued), Compact Hediffs, EPOE-Forked: Direct crafting only, No more sleeping Z's, Vanilla Factions Expanded - Medieval, Vanilla Expanded Framework, Revia Race, FemaleBB BodyType for Alien Races , Eccentric Extras - Angel Hairs, No Job Authors, Harmony, EPOE-Forked: Royalty DLC expansion, Harvest Everything!, BetterLoading, Vanilla Weapons Expanded - Laser, Immortals, Valkyria Rimworld, Vanilla Furniture Expanded - Farming, Expanded Prosthetics and Organ Engineering - Forked, Vanilla Events Expanded, No Burn Metal, Kijin Race 2.0, Vanilla Fishing Expanded, Character Editor, Nyaron race, Vanilla Furniture Expanded - Security, Rabbie The Moonrabbit race, Vanilla Armour Expanded, Map Edit Tools, FemaleBB BodyType for Human, FemaleBB BodyType Support, Raise The Roof 1.3, Vanilla Furniture Expanded - Medical Module, RimSaves, DontBlockDoor, Graphics Settings+, Subsurface Conduit, NewRatkinPlus, Sometimes Raids Go Wrong, [Ling]Move Steam Geyser, Better Pawn Control, Androids, RimHUD, [KV] More Trait Slots, OgreStack, Dubs Mint Menus, Wall Light, ShowModDesignators, Replace Stuff, [KV] Adjustable Trade Ships, A RimWorld of Magic, [KV] Show Hair With Hats or Hide All Hats, [KV] RimFridge, Dubs Rimatomics, Animals Logic, Royalty, Ideology, Core
[DefPackageCleaner] Cleaned 24468 DefPackages.
[RuntimeGC] Detour completed: MuteGC
[RuntimeGC] Detour completed: MuteBL
ROCKETMAN: RocketMan settings are stored in <color=red>C:\Users\user\AppData\LocalLow\Ludeon Studios\RimWorld by Ludeon Studios\RocketMan\Mod_2479389928_RocketMod.xml</color>
ROCKETMAN: Defs loaded!
ROCKETMAN: Patched KeyBinder!
PROTON: Patching finished
SOYUZ: Patching finished
ROCKETMAN: XMLParser started
ROCKETRULES: IgnoreMeRule for OskarPotocki.VFE.Mechanoid
ROCKETRULES: IgnoreMeRule for Alaestor.MiscRobots.PlusPlus
ROCKETRULES: IgnoreMeRule for Haplo.Miscellaneous.Robots
ROCKETRULES: IgnoreMeRule for ChJees.Androids
ROCKETRULES: IgnoreMeRule for automatic.autocleaner
ROCKETRULES: IgnoreMeRule for neronix17.mechadroids
ROCKETRULES: IgnoreMeRule for neronix17.outerrim.galaxies
ROCKETRULES: IgnoreMeRule for spdskatr.projectrimfactory.drones
ROCKETRULES: IgnoreMeRule for spdskatr.projectrimfactory.legacy
ROCKETRULES: IgnoreMeRule for spdskatr.projectrimfactory
[0.943535 seconds] ROCKETMAN: <color=red>IgnoreMe report</color>
ROCKETRULES: IgnoreMe add def by name: TM_StoneGolem
ROCKETRULES: IgnoreMe add def by name: TM_SandstoneGolem
ROCKETRULES: IgnoreMe add def by name: TM_LimestoneGolem
ROCKETRULES: IgnoreMe add def by name: TM_GraniteGolem
ROCKETRULES: IgnoreMe add def by name: TM_SlateGolem
ROCKETRULES: IgnoreMe add def by name: TM_MarbleGolem
ROCKETRULES: IgnoreMe add def by name: TM_MechaGolem
ROCKETRULES: IgnoreMe add def by name: TM_FleshGolem
ROCKETRULES: IgnoreMe add def by name: TM_HollowGolem
ROCKETRULES: IgnoreMe add def by name: TM_MaharalGolem
ROCKETRULES: IgnoreMe add def by name: TM_DemonR
ROCKETRULES: IgnoreMe add def by name: TM_LesserDemonR
ROCKETRULES: IgnoreMe add def by name: TM_LesserEarth_ElementalR
ROCKETRULES: IgnoreMe add def by name: TM_Earth_ElementalR
ROCKETRULES: IgnoreMe add def by name: TM_GreaterEarth_ElementalR
ROCKETRULES: IgnoreMe add def by name: TM_LesserFire_ElementalR
ROCKETRULES: IgnoreMe add def by name: TM_Fire_ElementalR
ROCKETRULES: IgnoreMe add def by name: TM_GreaterFire_ElementalR
ROCKETRULES: IgnoreMe add def by name: TM_LesserWater_ElementalR
ROCKETRULES: IgnoreMe add def by name: TM_Water_ElementalR
ROCKETRULES: IgnoreMe add def by name: TM_GreaterWater_ElementalR
ROCKETRULES: IgnoreMe add def by name: TM_LesserWind_ElementalR
ROCKETRULES: IgnoreMe add def by name: TM_Wind_ElementalR
ROCKETRULES: IgnoreMe add def by name: TM_GreaterWind_ElementalR
ROCKETRULES: IgnoreMe add def by name: TM_MinionR
ROCKETRULES: IgnoreMe add def by name: TM_GreaterMinionR
ROCKETRULES: IgnoreMe add def by name: TM_Lesser_SentinelR
ROCKETRULES: IgnoreMe add def by name: TM_SentinelR
ROCKETRULES: IgnoreMe add def by name: TM_Greater_SentinelR
ROCKETRULES: IgnoreMe add def by name: TM_SkeletonLichR
ROCKETRULES: IgnoreMe add def by name: TM_GiantSkeletonR
ROCKETRULES: IgnoreMe add def by name: TM_SkeletonR
ROCKETRULES: IgnoreMe add def by name: TM_SpiritBearR
ROCKETRULES: IgnoreMe add def by name: TM_SpiritMongooseR
ROCKETRULES: IgnoreMe add def by name: TM_SpiritCrowR
ROCKETRULES: IgnoreMe add def by name: TM_SpiritWolfR
ROCKETRULES: IgnoreMe add def by name: TM_Poppi
ROCKETMAN: Hijacking ([REFLECTED] RimWorld.StatWorker:GetValue, [DECLARING] RimWorld.StatWorker:GetValue, [ISSTATIC] False, [ISPUBLIC] False, [ISVIRTUAL] StatWorker, [ABSTRACT] False)
[BetterLoading] Obtained synclock, assuming post-load actions are complete and starting static constructors.
[BetterLoading] Starting Antifreeze(tm) StaticConstructorCaller. Synchronizing retransmission chronicity...
Type GUIDrawUtility probably needs a StaticConstructorOnStartup attribute, because it has a field disabledTex of type Texture2D. All assets must be loaded in the main thread. 
(Filename: C:\buildslave\unity\build\Runtime/Export/Debug/Debug.bindings.h Line: 39)

Type ShaderUtilities probably needs a StaticConstructorOnStartup attribute, because it has a field k_ShaderRef_MobileSDF of type Shader. All assets must be loaded in the main thread. 
(Filename: C:\buildslave\unity\build\Runtime/Export/Debug/Debug.bindings.h Line: 39)

Type TerrainPaintUtility probably needs a StaticConstructorOnStartup attribute, because it has a field s_BuiltinPaintMaterial of type Material. All assets must be loaded in the main thread. 
(Filename: C:\buildslave\unity\build\Runtime/Export/Debug/Debug.bindings.h Line: 39)

Type ShaderUtilities probably needs a StaticConstructorOnStartup attribute, because it has a field k_ShaderRef_MobileSDF of type Shader. All assets must be loaded in the main thread. 
(Filename: C:\buildslave\unity\build\Runtime/Export/Debug/Debug.bindings.h Line: 39)

Type TexTab probably needs a StaticConstructorOnStartup attribute, because it has a field Settings of type Texture2D. All assets must be loaded in the main thread. 
(Filename: C:\buildslave\unity\build\Runtime/Export/Debug/Debug.bindings.h Line: 39)

[BetterLoading] Finished stage Running Post Content Load Callbacks at 12:18:17 AM.
[BetterLoading] Starting stage Finalizing Mods.
[OgreStack]: Modify Stack Sizes Complete
[XML Extensions] Initialized 1 SettingsMenuDef(s) and found 0 unused key(s) from 0 mod(s)
[XML Extensions] 1296 total patches run in 16326ms, 0 failed
Loaded body addon variants for Alien_Heyra
Loading variants for Heyra/Horns/Horn
Variants found for Heyra/Horns/Horn: 6
Variants found for Heyra/Horns/DHorn: 4
Variants found for Heyra/Horns/HornA: 1
Variants found for Heyra/Horns/Horn1: 1
Variants found for Heyra/Horns/Horn2: 1
Variants found for Heyra/Horns/Horn3: 1
Variants found for Heyra/Horns/Horn4: 1
Variants found for Heyra/Horns/Horn5: 1
Variants found for Heyra/Horns/DHornA: 1
Variants found for Heyra/Horns/DHorn1: 1
Variants found for Heyra/Horns/DHorn2: 1
Variants found for Heyra/Horns/DHorn3: 1
Variants found for Heyra/Horns/DHorn: 4
Variants found for Heyra/Horns/HornCoral: 1

Loaded body addon variants for Alien_Heyra_Rong
Loading variants for Heyra/Horns/HornBlank
Variants found for Heyra/Horns/HornBlank: 1
Variants found for Heyra/Horns/HornRong: 1
Loading variants for Heyra/Horns/Horn
Variants found for Heyra/Horns/Horn: 6
Variants found for Heyra/Horns/DHorn: 4
Variants found for Heyra/Horns/HornA: 1
Variants found for Heyra/Horns/Horn1: 1
Variants found for Heyra/Horns/Horn2: 1
Variants found for Heyra/Horns/Horn3: 1
Variants found for Heyra/Horns/Horn4: 1
Variants found for Heyra/Horns/Horn5: 1
Variants found for Heyra/Horns/DHornA: 1
Variants found for Heyra/Horns/DHorn1: 1
Variants found for Heyra/Horns/DHorn2: 1
Variants found for Heyra/Horns/DHorn3: 1
Variants found for Heyra/Horns/DHorn: 4
Variants found for Heyra/Horns/HornCoral: 1

Loaded body addon variants for Alien_Kijin
Loading variants for Kijin/Horn/KijinHornB
Variants found for Kijin/Horn/KijinHornB: 3

Loaded body addon variants for Alien_Moyo
Loading variants for Moyo/Tail/MoyoTail
Variants found for Moyo/Tail/MoyoTail: 1
Loading variants for Moyo/Heads/MoyoAtenna_Left
Variants found for Moyo/Heads/MoyoAtenna_Left: 1
Loading variants for Moyo/Heads/MoyoAtenna_Right
Variants found for Moyo/Heads/MoyoAtenna_Right: 1

Loaded body addon variants for Ratkin
Loading variants for Body/RK_Tail
Variants found for Body/RK_Tail: 1
Loading variants for Body/RK_EarLeft
Variants found for Body/RK_EarLeft: 1
Loading variants for Body/RK_EarRight
Variants found for Body/RK_EarRight: 1

Loaded body addon variants for Ratkin_Su
Loading variants for Body/RK_Tail
Variants found for Body/RK_Tail: 1
Loading variants for Body/RK_EarLeft
Variants found for Body/RK_EarLeft: 1
Loading variants for Body/RK_EarRight
Variants found for Body/RK_EarRight: 1

Loaded body addon variants for Alien_Nyaron
Loading variants for Things/Pawn/Addons/Tails/Tail
Variants found for Things/Pawn/Addons/Tails/Tail: 3
Loading variants for Things/Pawn/Addons/Ears/Cat_LeftBackEar
Variants found for Things/Pawn/Addons/Ears/Cat_LeftBackEar: 3
Loading variants for Things/Pawn/Addons/Ears/Cat_LeftFrontEar
Variants found for Things/Pawn/Addons/Ears/Cat_LeftFrontEar: 3
Loading variants for Things/Pawn/Addons/Ears/Cat_RightBackEar
Variants found for Things/Pawn/Addons/Ears/Cat_RightBackEar: 3
Loading variants for Things/Pawn/Addons/Ears/Cat_RightFrontEar
Variants found for Things/Pawn/Addons/Ears/Cat_RightFrontEar: 3

Loaded body addon variants for Rabbie
Loading variants for Rabbielike/Tails/RBTail
Variants found for Rabbielike/Tails/RBTail: 1
Loading variants for Rabbielike/Ear/RBEarLA
Variants found for Rabbielike/Ear/RBEarLA: 3
Loading variants for Rabbielike/Ear/RBEarLB
Variants found for Rabbielike/Ear/RBEarLB: 3
Loading variants for Rabbielike/Ear/RBEarRA
Variants found for Rabbielike/Ear/RBEarRA: 3
Loading variants for Rabbielike/Ear/RBEarRB
Variants found for Rabbielike/Ear/RBEarRB: 3

Loaded body addon variants for ReviaRaceAlien
Loading variants for Things/Tails/Tail1
Variants found for Things/Tails/Tail1: 1
Variants found for Things/Tails/Tail1: 1
Variants found for Things/Tails/Tail2: 1
Variants found for Things/Tails/Tail3: 1
Variants found for Things/Tails/Tail4: 1
Variants found for Things/Tails/Tail5: 1
Variants found for Things/Tails/Tail6: 1
Variants found for Things/Tails/Tail7: 1
Variants found for Things/Tails/Tail8: 1
Variants found for Things/Tails/Tail9: 1
Loading variants for Things/Ears/EarLeft
Variants found for Things/Ears/EarLeft: 1
Loading variants for Things/Ears/EarRight
Variants found for Things/Ears/EarRight: 1

Loaded body addon variants for Kurin_Race
Loading variants for Kurin/Tail/Single tails/Texture1
Variants found for Kurin/Tail/Single tails/Texture1: 1
Loading variants for Kurin/Tail/Single tails/Texture2
Variants found for Kurin/Tail/Single tails/Texture2: 1
Loading variants for Kurin/Tail/Single tails/Texture3
Variants found for Kurin/Tail/Single tails/Texture3: 1
Loading variants for Kurin/Face/Faces/Texture
Variants found for Kurin/Face/Faces/Texture: 3
Loading variants for Kurin/Ear/Ears/DRNTFEarLA
Variants found for Kurin/Ear/Ears/DRNTFEarLA: 2
Loading variants for Kurin/Ear/Ears/DRNTFEarLB
Variants found for Kurin/Ear/Ears/DRNTFEarLB: 2
Loading variants for Kurin/Ear/Ears/DRNTFEarRA
Variants found for Kurin/Ear/Ears/DRNTFEarRA: 2
Loading variants for Kurin/Ear/Ears/DRNTFEarRB
Variants found for Kurin/Ear/Ears/DRNTFEarRB: 2

Loaded body addon variants for Dragonian_Prime
Loading variants for Dragonian_Horns/LeftHorn
Variants found for Dragonian_Horns/LeftHorn: 3
Loading variants for Dragonian_Horns/RightHorn
Variants found for Dragonian_Horns/RightHorn: 3

Alien race successfully completed 180 patches with harmony.
<color=orange>[CSG]</color> Symbols Creator Started.
<color=orange>[CSG]</color> Created 15376 symbolDefs for 3 mods. Took 00.13s.
Harvest Everything: successfully completed 4 harmony patches.
Wall Light: v1.3.7890.36463
AdjustableTradeShips Harmony Patches:
  Prefix:
    Game.InitNewGame
  Postfix:
    Storyteller.Notify_DefChanged
[Compressed Raid] Infomation: The following drugs ignore the "Avoid negative effects" setting and always inflict negative effects.
Luciferium (Core.Luciferium)

[Map Designer for 1.3] Initializing.... 
Found Map Reroll
[Map Designer] Finding biomes...
[Map Designer] Applying settings
[Map Designer] Terrain settings: Default
[RimHUD v1.9.1] Initialized
Subsurface Conduit: v1.3.7864.23466
MoharFW.MoharGfx patched Mote.SpawnSetup successfully.
MoharFW OHFP - CompEggLayer_Patch applied
Androids: Fixing surgery recipes for Droids.
Androids: Fixing belts whitelist for AlienRace.ThingDef_AlienRace with defName='ChjBattleDroid'.
Biomes Map after Init: 3
GAGARIN: <color=green>StartUpFinished called!</color>
Rim73 cached 918 heddifs.
[BetterLoading] Finished stage Finalizing Mods at 12:22:52 AM.
[BetterLoading] Starting stage Running Post-Finalize Callbacks.
[BetterLoading] Finished calling static constructors at 12:22:52 AM.
[BetterLoading] Processing 3 post-finalize tasks.
[BetterLoading] Finished stage Running Post-Finalize Callbacks at 12:22:54 AM.
[BetterLoading] Starting stage Initializing HugsLib.
[HugsLib] initializing ARimWorldOfMagic, ImprovedWorkbenches, Roolo.DualWield, MapReroll, NoJobAuthors, raceQuestPawn, RealisticRoomsRewritten, StackableChunks, fluffyKittens.BillCategories, PawnkindRaceDiversification
[BetterLoading:HugsLib Compat] HugsLib has enumerated child mods, it has found 11 of them.
[PawnkindRaceDiversification] Initialized PRD version 35
# Real Faction Guest - Init
Seers : arcane fold
VFEM_KingdomCivil : civil kingdom
VFEM_KingdomRough : rough kingdom
VFEM_KingdomSavage : savage kingdom
SettlerCivil : civil settlers
SettlerRough : rough settlers
SettlerSavage : bandits
ChjAndroidEnclave : android enclave
HS_Virtuous_Clan : Virtuous Clan
HS_Bandit_Clan : Bandit Clan
HS_Edo_Shogunate : Divine Shogunate
Heyra_TradFaction : conservative Heyran faction
Heyra_RenoFaction : broad-minded Heyran faction
Heyra_Rong_Faction : Rong tribe
Kijin_NPCFaction : kijin colony
Kijin_Pirate : kijin outlaws
Moyo_HavenFaction : moyo refugee haven
Moyo_HavenHostile : moyo refugee radicals
Rakinia : ratkin kingdom
NyaronFaction : Nyaron town
Rabbitish : Rabbie Empire
ReviaMarauderFaction : Revian Marauders
ReviaTemplarFaction : Revian Templars
Kurin_Faction : Republic Of Kurin
Kurin_Faction_Hostile : Battle Foxes
Dragonian_NPC : Dragonian town
Dragonian_Pirate : Wyrm Den
humanlikeModFactionNum : 27
vanillaRatio : 0.1
# Real Faction Guest - Complete
[StackableChunks] Chunk Stacks set too: 150
[StackableChunks] Slag Stacks set too: 150
[BetterLoading:HugsLib Compat] HugsLib has Loaded, Reloaded, and Initialized. Marking as done.
[BetterLoading] Finished processing load list, hiding.
[BetterLoading] Game load has finished. Timing data follows:
Spent 264172.4776ms reading, building, and patching XML tree.
Spent 93927.7998ms turning XML into def instances.
Spent 3589131.5462ms resolving cross-references and running post-load, pre-finalize callbacks.
Spent 1149535.1497ms running static constructors (initializing mods).
Spent -63779674974159ms running post-finalize callbacks.
In total, spent 5104682.3654ms launching the game.
[MapReroll] Applied Prepare Carefully compatibility layer. Note: removing Prepare Carefully after starting a new game will now cause errors, but these can be safely ignored.
[BetterLoading] Obtained lock, assuming we're done with post-finalize.
ROCKETMAN: Hijacking ([REFLECTED] RimWorld.StatWorker:GetValue, [DECLARING] RimWorld.StatWorker:GetValue, [ISSTATIC] False, [ISPUBLIC] False, [ISVIRTUAL] StatWorker, [ABSTRACT] False)
Transpiled 2147 methods, it took: 42.1417
Curl error 6: Could not resolve host: api.github.com
 
(Filename:  Line: 853)

[HugsLib][warn] Exception during log publishing (gist creation): System.Exception: Cannot resolve destination host
  at HugsLib.Utils.HugsLibUtility+<>c__DisplayClass22_0.<AwaitUnityWebResponse>b__0 () [0x000a6] in <a56dbe2cf5184fe991f5fb736b3081b0>:0  
(Filename: C:\buildslave\unity\build\Runtime/Export/Debug/Debug.bindings.h Line: 39)

